Unable to capture context for thread 12608 in process 14868, can not generate back trace
Exception at PC 0x00007FFC043FBB93
Printing stacktrace...

Exception at PC 0x00007FFC6AA9A388
Exception at PC 0x00007FFC6AA9A388
Exception at PC 0x00007FFC6AA9A388
Exception at PC 0x00007FFC6AA9A388
Exception at PC 0x00007FFC6AA9A388
Exception at PC 0x00007FFC6AA9A388
Exception at PC 0x00007FFC6AA9A388
Exception at PC 0x00007FFC6AA9A388
Exception at PC 0x00007FFC6AA9A388
Exception at PC 0x00007FFC6AA9A388
Exception at PC 0x00007FFC6AA9A388
Exception at PC 0x00007FFC6AA9A388
Exception at PC 0x00007FFC6AA9A388
Exception at PC 0x00007FFC6AA9A388
Exception at PC 0x00007FFC6AA9A388
Exception at PC 0x00007FFC6AA9A388
Exception at PC 0x00007FFC6AA9A388
Exception at PC 0x00007FFC6AA9A388
Exception at PC 0x00007FFC6AA9A388
[0]  [0x00007FFC043FBB93]
[1]  [0x00007FFC043FBB93]
[2]  [0x00007FFC043FB4A1]
[3]  [0x00007FFC043FB3EF]
[4]  [0x00007FFC043E19FE]
[5]  [0x00007FFC043E0ED1]
[6]  [0x00007FFC043E0D76]
[7]  [0x00007FFC043879F6]
[8]  [0x00007FFC04377AFB]
[9]  [0x00007FFC0449E90A]
[10]  [0x00007FFC044B9F87]
[11]  [0x00007FFC044BA05F]
[12] (BaseThreadInitThunk+0x14) [0x00007FFC6DFD3034]
[13] (RtlUserThreadStart+0x21) [0x00007FFC6E631431]
Done
