Unable to capture context for thread 18304 in process 14472, can not generate back trace
Exception at PC 0x00007FFB61F64008
Exception at PC 0x00007FFB61F64008
Exception at PC 0x00007FFB61F64008
Exception at PC 0x00007FFB61F64008
Exception at PC 0x00007FFB61F64008
Unable to capture context for thread 18212 in process 14472, can not generate back trace
Exception at PC 0x00007FFB255EBB93
Printing stacktrace...

Unable to capture context for thread 18212 in process 14472, can not generate back trace
Exception at PC 0x00007FFB61F64008
Exception at PC 0x00007FFB61F64008
Exception at PC 0x00007FFB61F64008
Exception at PC 0x00007FFB61F64008
Exception at PC 0x00007FFB61F64008
Exception at PC 0x00007FFB61F64008
Exception at PC 0x00007FFB61F64008
Exception at PC 0x00007FFB61F64008
Exception at PC 0x00007FFB61F64008
Exception at PC 0x00007FFB61F64008
Exception at PC 0x00007FFB61F64008
Exception at PC 0x00007FFB61F64008
[0]  [0x00007FFB255EBB93]
[1]  [0x00007FFB255EBB93]
[2]  [0x00007FFB255EB4A1]
[3]  [0x00007FFB255EB3EF]
[4]  [0x00007FFB255D19FE]
[5]  [0x00007FFB255D0ED1]
[6]  [0x00007FFB255D0D76]
[7]  [0x00007FFB255779F6]
[8]  [0x00007FFB25567AFB]
[9]  [0x00007FFB2568E90A]
[10]  [0x00007FFB256A9F87]
[11]  [0x00007FFB256AA05F]
[12] (BaseThreadInitThunk+0x14) [0x00007FFB63641FE4]
[13] (RtlUserThreadStart+0x21) [0x00007FFB65B5EFC1]
Done
