Vivado Simulator 2016.4
Time resolution is 1 ps
System time(ns):                   0      count: 0000
System time(ns):                  20      count: 0001
System time(ns):                  40      count: 0010
System time(ns):                  60      count: 0011
System time(ns):                  80      count: 0100
System time(ns):                 100      count: 0101
System time(ns):                 120      count: 0110
System time(ns):                 140      count: 0111
System time(ns):                 160      count: 1000
System time(ns):                 180      count: 1001
System time(ns):                 200      count: 1010
System time(ns):                 220      count: 1011
System time(ns):                 240      count: 1100
System time(ns):                 260      count: 1101
System time(ns):                 280      count: 1110
System time(ns):                 300      count: 1111
System time(ns):                 320      count: 1110
System time(ns):                 340      count: 1101
System time(ns):                 360      count: 1100
System time(ns):                 380      count: 1011
System time(ns):                 400      count: 1010
System time(ns):                 420      count: 1001
System time(ns):                 440      count: 1000
System time(ns):                 460      count: 0111
System time(ns):                 480      count: 0110
System time(ns):                 500      count: 0101
System time(ns):                 520      count: 0100
System time(ns):                 540      count: 0011
System time(ns):                 560      count: 0010
System time(ns):                 580      count: 0001
System time(ns):                 600      count: 0000
System time(ns):                 620      count: 0001
System time(ns):                 640      count: 0010
System time(ns):                 660      count: 0011
System time(ns):                 680      count: 0100
System time(ns):                 700      count: 0101
System time(ns):                 720      count: 0110
System time(ns):                 740      count: 0111
System time(ns):                 760      count: 1000
System time(ns):                 780      count: 1001
System time(ns):                 800      count: 1010
System time(ns):                 820      count: 1011
System time(ns):                 840      count: 1100
System time(ns):                 860      count: 1101
System time(ns):                 880      count: 1110
System time(ns):                 900      count: 1111
System time(ns):                 920      count: 1110
System time(ns):                 940      count: 1101
System time(ns):                 960      count: 1100
System time(ns):                 980      count: 1011
System time(ns):                1000      count: 1010
System time(ns):                1020      count: 1001
System time(ns):                1040      count: 1000
System time(ns):                1060      count: 0111
System time(ns):                1080      count: 0110
System time(ns):                1100      count: 0101
System time(ns):                1120      count: 0100
System time(ns):                1140      count: 0011
System time(ns):                1160      count: 0010
System time(ns):                1180      count: 0001
System time(ns):                1200      count: 0000
System time(ns):                1220      count: 0001
System time(ns):                1240      count: 0010
System time(ns):                1260      count: 0011
System time(ns):                1280      count: 0100
System time(ns):                1300      count: 0101
System time(ns):                1320      count: 0110
System time(ns):                1340      count: 0111
System time(ns):                1360      count: 1000
System time(ns):                1380      count: 1001
System time(ns):                1400      count: 1010
System time(ns):                1420      count: 1011
System time(ns):                1440      count: 1100
System time(ns):                1460      count: 1101
System time(ns):                1480      count: 1110
System time(ns):                1500      count: 1111
System time(ns):                1520      count: 1110
System time(ns):                1540      count: 1101
System time(ns):                1560      count: 1100
System time(ns):                1580      count: 1011
System time(ns):                1600      count: 1010
System time(ns):                1620      count: 1001
System time(ns):                1640      count: 1000
System time(ns):                1660      count: 0111
System time(ns):                1680      count: 0110
System time(ns):                1700      count: 0101
System time(ns):                1720      count: 0100
System time(ns):                1740      count: 0011
System time(ns):                1760      count: 0010
System time(ns):                1780      count: 0001
System time(ns):                1800      count: 0000
System time(ns):                1820      count: 0001
System time(ns):                1840      count: 0010
System time(ns):                1860      count: 0011
System time(ns):                1880      count: 0100
System time(ns):                1900      count: 0101
System time(ns):                1920      count: 0110
System time(ns):                1940      count: 0111
System time(ns):                1960      count: 1000
System time(ns):                1980      count: 1001
System time(ns):                2000      count: 1010
