Unable to capture context for thread 3236 in process 3796, can not generate back trace
Unable to capture context for thread 8468 in process 3796, can not generate back trace
Exception at PC 0x00007FFB18294008
Exception at PC 0x00007FFB18294008
Exception at PC 0x00007FFB18294008
Unable to capture context for thread 6936 in process 3796, can not generate back trace
Unable to capture context for thread 4652 in process 3796, can not generate back trace
Exception at PC 0x00007FFB18294008
Unable to capture context for thread 13056 in process 3796, can not generate back trace
Exception at PC 0x00007FFAA96BBB93
Printing stacktrace...

Unable to capture context for thread 13056 in process 3796, can not generate back trace
Exception at PC 0x00007FFB18294008
Exception at PC 0x00007FFB18294008
Exception at PC 0x00007FFB18294008
Exception at PC 0x00007FFB18294008
Exception at PC 0x00007FFB18294008
Exception at PC 0x00007FFB18294008
Exception at PC 0x00007FFB18294008
Exception at PC 0x00007FFB18294008
Exception at PC 0x00007FFB18294008
Exception at PC 0x00007FFB18294008
Exception at PC 0x00007FFB18294008
Exception at PC 0x00007FFB18294008
Exception at PC 0x00007FFB18294008
[0]  [0x00007FFAA96BBB93]
[1]  [0x00007FFAA96BBB93]
[2]  [0x00007FFAA96BB4A1]
[3]  [0x00007FFAA96BB3EF]
[4]  [0x00007FFAA96A19FE]
[5]  [0x00007FFAA96A0ED1]
[6]  [0x00007FFAA96A0D76]
[7]  [0x00007FFAA96479F6]
[8]  [0x00007FFAA9637AFB]
[9]  [0x00007FFAA975E90A]
[10]  [0x00007FFAA9779F87]
[11]  [0x00007FFAA977A05F]
[12] (BaseThreadInitThunk+0x14) [0x00007FFB19321FE4]
[13] (RtlUserThreadStart+0x21) [0x00007FFB1BCEEFC1]
Done
